E:\VS2010 PROJECT\TLD\DEBUG\TLD.EXE
E:\VS2010 PROJECT\TLD\DEBUG\TLD.ILK
E:\VS2010 PROJECT\TLD\DEBUG\TLD.PDB
E:\VS2010 Project\TLD\TLD\Debug\cl.command.1.tlog
E:\VS2010 Project\TLD\TLD\Debug\CL.read.1.tlog
E:\VS2010 Project\TLD\TLD\Debug\CL.write.1.tlog
E:\VS2010 PROJECT\TLD\TLD\DEBUG\FERNNCLASSIFIER.OBJ
E:\VS2010 Project\TLD\TLD\Debug\link.command.1.tlog
E:\VS2010 Project\TLD\TLD\Debug\link.read.1.tlog
E:\VS2010 Project\TLD\TLD\Debug\link.write.1.tlog
E:\VS2010 Project\TLD\TLD\Debug\link-cvtres.read.1.tlog
E:\VS2010 Project\TLD\TLD\Debug\link-cvtres.write.1.tlog
E:\VS2010 PROJECT\TLD\TLD\DEBUG\LKTRACKER.OBJ
E:\VS2010 Project\TLD\TLD\Debug\mt.command.1.tlog
E:\VS2010 Project\TLD\TLD\Debug\mt.read.1.tlog
E:\VS2010 Project\TLD\TLD\Debug\mt.write.1.tlog
E:\VS2010 Project\TLD\TLD\Debug\rc.command.1.tlog
E:\VS2010 Project\TLD\TLD\Debug\rc.read.1.tlog
E:\VS2010 Project\TLD\TLD\Debug\rc.write.1.tlog
E:\VS2010 PROJECT\TLD\TLD\DEBUG\RUN_TLD.OBJ
E:\VS2010 PROJECT\TLD\TLD\DEBUG\TLD.EXE.EMBED.MANIFEST
E:\VS2010 PROJECT\TLD\TLD\DEBUG\TLD.EXE.EMBED.MANIFEST.RES
E:\VS2010 PROJECT\TLD\TLD\DEBUG\TLD.EXE.INTERMEDIATE.MANIFEST
E:\VS2010 PROJECT\TLD\TLD\DEBUG\TLD.OBJ
E:\VS2010 Project\TLD\TLD\Debug\TLD.write.1.tlog
E:\VS2010 Project\TLD\TLD\Debug\TLD_manifest.rc
E:\VS2010 PROJECT\TLD\TLD\DEBUG\TLD_UTILS.OBJ
E:\VS2010 Project\TLD\TLD\Debug\vc100.idb
E:\VS2010 PROJECT\TLD\TLD\DEBUG\VC100.PDB
