生成启动时间为 2016/4/8 21:06:19。
     1>项目“E:\VS2010 Project\TLD\TLD\TLD.vcxproj”在节点 2 上(build 个目标)。
     1>PrepareForBuild:
         正在创建目录“E:\VS2010 Project\TLD\Release\”。
       InitializeBuildStatus:
         正在创建“Release\TLD.unsuccessfulbuild”，因为已指定“AlwaysCreate”。
       ClCompile:
         c:\Program Files\Microsoft Visual Studio 10.0\VC\bin\CL.exe /c /Zi /nologo /W3 /WX- /O2 /Oi /Oy- /GL /D WIN32 /D NDEBUG /D _CONSOLE /D _UNICODE /D UNICODE /Gm- /EHsc /MD /GS /Gy /fp:precise /Zc:wchar_t /Zc:forScope /Fo"Release\\" /Fd"Release\vc100.pdb" /Gd /TP /analyze- /errorReport:prompt FerNNClassifier.cpp LKTracker.cpp run_tld.cpp TLD.cpp tld_utils.cpp
         FerNNClassifier.cpp
     1>FerNNClassifier.cpp(42): warning C4018: “<”: 有符号/无符号不匹配
     1>FerNNClassifier.cpp(43): warning C4244: “=”: 从“float”转换到“int”，可能丢失数据
     1>FerNNClassifier.cpp(44): warning C4244: “=”: 从“float”转换到“int”，可能丢失数据
     1>FerNNClassifier.cpp(45): warning C4244: “=”: 从“float”转换到“int”，可能丢失数据
     1>FerNNClassifier.cpp(46): warning C4244: “=”: 从“float”转换到“int”，可能丢失数据
     1>FerNNClassifier.cpp(52): warning C4244: “=”: 从“double”转换到“float”，可能丢失数据
     1>FerNNClassifier.cpp(64): warning C4244: “参数”: 从“double”转换到“unsigned int”，可能丢失数据
     1>FerNNClassifier.cpp(65): warning C4244: “参数”: 从“double”转换到“unsigned int”，可能丢失数据
     1>FerNNClassifier.cpp(66): warning C4244: “参数”: 从“double”转换到“unsigned int”，可能丢失数据
     1>FerNNClassifier.cpp(123): warning C4018: “<”: 有符号/无符号不匹配
     1>FerNNClassifier.cpp(148): warning C4018: “<”: 有符号/无符号不匹配
     1>FerNNClassifier.cpp(190): warning C4244: “初始化”: 从“float”转换到“int”，可能丢失数据
     1>FerNNClassifier.cpp(195): warning C4018: “<”: 有符号/无符号不匹配
     1>FerNNClassifier.cpp(197): warning C4244: “=”: 从“double”转换到“float”，可能丢失数据
     1>FerNNClassifier.cpp(208): warning C4018: “<”: 有符号/无符号不匹配
     1>FerNNClassifier.cpp(210): warning C4244: “=”: 从“double”转换到“float”，可能丢失数据
     1>FerNNClassifier.cpp(236): warning C4018: “<”: 有符号/无符号不匹配
     1>FerNNClassifier.cpp(246): warning C4018: “<”: 有符号/无符号不匹配
     1>FerNNClassifier.cpp(261): warning C4018: “<”: 有符号/无符号不匹配
         LKTracker.cpp
     1>LKTracker.cpp(22): warning C4244: “参数”: 从“float”转换到“int”，可能丢失数据
     1>LKTracker.cpp(24): warning C4244: “参数”: 从“float”转换到“int”，可能丢失数据
     1>LKTracker.cpp(31): warning C4018: “<”: 有符号/无符号不匹配
     1>LKTracker.cpp(32): warning C4244: “=”: 从“double”转换到“float”，可能丢失数据
     1>LKTracker.cpp(46): warning C4018: “<”: 有符号/无符号不匹配
         run_tld.cpp
         TLD.cpp
     1>TLD.cpp(37): warning C4244: “=”: 从“int”转换到“float”，可能丢失数据
     1>TLD.cpp(140): warning C4244: “=”: 从“double”转换到“float”，可能丢失数据
     1>TLD.cpp(153): warning C4244: “初始化”: 从“float”转换到“int”，可能丢失数据
     1>TLD.cpp(161): warning C4244: “=”: 从“float”转换到“int”，可能丢失数据
     1>TLD.cpp(170): warning C4018: “<”: 有符号/无符号不匹配
     1>TLD.cpp(174): warning C4018: “<”: 有符号/无符号不匹配
     1>TLD.cpp(182): warning C4018: “<”: 有符号/无符号不匹配
     1>TLD.cpp(252): warning C4018: “<”: 有符号/无符号不匹配
     1>TLD.cpp(301): warning C4018: “<”: 有符号/无符号不匹配
     1>TLD.cpp(315): warning C4244: “参数”: 从“float”转换到“unsigned int”，可能丢失数据
     1>TLD.cpp(372): warning C4018: “<”: 有符号/无符号不匹配
     1>TLD.cpp(390): warning C4018: “<”: 有符号/无符号不匹配
     1>TLD.cpp(515): warning C4244: “初始化”: 从“double”转换到“int”，可能丢失数据
     1>TLD.cpp(516): warning C4244: “初始化”: 从“double”转换到“int”，可能丢失数据
     1>TLD.cpp(520): warning C4244: “参数”: 从“int”转换到“float”，可能丢失数据
     1>TLD.cpp(520): warning C4244: “参数”: 从“int”转换到“float”，可能丢失数据
     1>TLD.cpp(547): warning C4244: “参数”: 从“double”转换到“float”，可能丢失数据
     1>TLD.cpp(556): warning C4244: “初始化”: 从“double”转换到“float”，可能丢失数据
     1>TLD.cpp(557): warning C4244: “初始化”: 从“double”转换到“float”，可能丢失数据
     1>TLD.cpp(587): warning C4018: “<”: 有符号/无符号不匹配
     1>TLD.cpp(702): warning C4018: “<”: 有符号/无符号不匹配
     1>TLD.cpp(723): warning C4018: “<”: 有符号/无符号不匹配
     1>TLD.cpp(733): warning C4018: “<”: 有符号/无符号不匹配
     1>TLD.cpp(748): warning C4305: “初始化”: 从“double”到“const float”截断
     1>TLD.cpp(750): warning C4305: “初始化”: 从“double”到“const float”截断
     1>TLD.cpp(750): warning C4305: “初始化”: 从“double”到“const float”截断
     1>TLD.cpp(750): warning C4305: “初始化”: 从“double”到“const float”截断
     1>TLD.cpp(750): warning C4305: “初始化”: 从“double”到“const float”截断
     1>TLD.cpp(750): warning C4305: “初始化”: 从“double”到“const float”截断
     1>TLD.cpp(750): warning C4305: “初始化”: 从“double”到“const float”截断
     1>TLD.cpp(750): warning C4305: “初始化”: 从“double”到“const float”截断
     1>TLD.cpp(751): warning C4305: “初始化”: 从“double”到“const float”截断
     1>TLD.cpp(751): warning C4305: “初始化”: 从“double”到“const float”截断
     1>TLD.cpp(751): warning C4305: “初始化”: 从“double”到“const float”截断
     1>TLD.cpp(751): warning C4305: “初始化”: 从“double”到“const float”截断
     1>TLD.cpp(751): warning C4305: “初始化”: 从“double”到“const float”截断
     1>TLD.cpp(751): warning C4305: “初始化”: 从“double”到“const float”截断
     1>TLD.cpp(752): warning C4305: “初始化”: 从“double”到“const float”截断
     1>TLD.cpp(752): warning C4305: “初始化”: 从“double”到“const float”截断
     1>TLD.cpp(752): warning C4305: “初始化”: 从“double”到“const float”截断
     1>TLD.cpp(752): warning C4305: “初始化”: 从“double”到“const float”截断
     1>TLD.cpp(752): warning C4305: “初始化”: 从“double”到“const float”截断
     1>TLD.cpp(752): warning C4305: “初始化”: 从“double”到“const float”截断
     1>TLD.cpp(752): warning C4305: “初始化”: 从“double”到“const float”截断
     1>TLD.cpp(800): warning C4244: “初始化”: 从“const int”转换到“float”，可能丢失数据
     1>TLD.cpp(801): warning C4244: “初始化”: 从“const int”转换到“float”，可能丢失数据
     1>TLD.cpp(804): warning C4244: “初始化”: 从“const int”转换到“float”，可能丢失数据
     1>TLD.cpp(805): warning C4244: “初始化”: 从“const int”转换到“float”，可能丢失数据
     1>TLD.cpp(814): warning C4018: “<”: 有符号/无符号不匹配
     1>TLD.cpp(827): warning C4018: “>”: 有符号/无符号不匹配
     1>TLD.cpp(843): warning C4018: “<”: 有符号/无符号不匹配
     1>TLD.cpp(984): warning C4018: “<”: 有符号/无符号不匹配
         tld_utils.cpp
     1>tld_utils.cpp(41): warning C4244: “初始化”: 从“double”转换到“int”，可能丢失数据
       Link:
         c:\Program Files\Microsoft Visual Studio 10.0\VC\bin\link.exe /ERRORREPORT:PROMPT /OUT:"E:\VS2010 Project\TLD\Release\TLD.exe" /INCREMENTAL:NO /NOLOGO opencv_ml249d.lib opencv_calib3d249d.lib opencv_contrib249d.lib opencv_core249d.lib opencv_features2d249d.lib opencv_flann249d.lib opencv_gpu249d.lib opencv_highgui249d.lib opencv_imgproc249d.lib opencv_legacy249d.lib opencv_objdetect249d.lib opencv_ts249d.lib opencv_video249d.lib opencv_nonfree249d.lib opencv_ocl249d.lib opencv_photo249d.lib opencv_stitching249d.lib opencv_superres249d.lib opencv_videostab249d.lib opencv_objdetect249.lib opencv_ts249.lib opencv_video249.lib opencv_nonfree249.lib opencv_ocl249.lib opencv_photo249.lib opencv_stitching249.lib opencv_superres249.lib opencv_videostab249.lib opencv_calib3d249.lib opencv_contrib249.lib opencv_core249.lib opencv_features2d249.lib opencv_flann249.lib opencv_gpu249.lib opencv_highgui249.lib opencv_imgproc249.lib opencv_legacy249.lib opencv_ml249.lib kernel32.lib user32.lib gdi32.lib winspool.lib comdlg32.lib advapi32.lib shell32.lib ole32.lib oleaut32.lib uuid.lib odbc32.lib odbccp32.lib /MANIFEST /ManifestFile:"Release\TLD.exe.intermediate.manifest" /MANIFESTUAC:"level='asInvoker' uiAccess='false'" /DEBUG /PDB:"E:\VS2010 Project\TLD\Release\TLD.pdb" /SUBSYSTEM:CONSOLE /OPT:REF /OPT:ICF /LTCG /TLBID:1 /DYNAMICBASE /NXCOMPAT /IMPLIB:"E:\VS2010 Project\TLD\Release\TLD.lib" /MACHINE:X86 Release\FerNNClassifier.obj
         Release\LKTracker.obj
         Release\run_tld.obj
         Release\TLD.obj
         Release\tld_utils.obj
         正在生成代码
         已完成代码的生成
         TLD.vcxproj -> E:\VS2010 Project\TLD\Release\TLD.exe
       Manifest:
         c:\Program Files\Microsoft SDKs\Windows\v7.0A\bin\mt.exe /nologo /verbose /outputresource:"E:\VS2010 Project\TLD\Release\TLD.exe;#1" /manifest Release\TLD.exe.intermediate.manifest
       FinalizeBuildStatus:
         正在删除文件“Release\TLD.unsuccessfulbuild”。
         正在对“Release\TLD.lastbuildstate”执行 Touch 任务。
     1>已完成生成项目“E:\VS2010 Project\TLD\TLD\TLD.vcxproj”(build 个目标)的操作。

生成成功。

已用时间 00:00:17.00
